[2025-01-29T06:01:30.432+0000] {manager.py:487} INFO - Processing files using up to 2 processes at a time 
[2025-01-29T06:01:30.435+0000] {manager.py:488} INFO - Process each file at most once every 30 seconds
[2025-01-29T06:01:30.436+0000] {manager.py:489} INFO - Checking for new files in /opt/airflow/dags every 300 seconds
[2025-01-29T06:01:30.437+0000] {manager.py:759} INFO - Searching for files in /opt/airflow/dags
[2025-01-29T06:01:30.449+0000] {manager.py:762} INFO - There are 0 files in /opt/airflow/dags
[2025-01-29T06:06:30.848+0000] {manager.py:759} INFO - Searching for files in /opt/airflow/dags
[2025-01-29T06:06:30.856+0000] {manager.py:762} INFO - There are 0 files in /opt/airflow/dags
[2025-01-29T06:11:31.077+0000] {manager.py:759} INFO - Searching for files in /opt/airflow/dags
[2025-01-29T06:11:31.082+0000] {manager.py:762} INFO - There are 0 files in /opt/airflow/dags
[2025-01-29T06:16:31.189+0000] {manager.py:759} INFO - Searching for files in /opt/airflow/dags
[2025-01-29T06:16:31.199+0000] {manager.py:762} INFO - There are 0 files in /opt/airflow/dags
[2025-01-29T06:21:31.235+0000] {manager.py:759} INFO - Searching for files in /opt/airflow/dags
[2025-01-29T06:21:31.284+0000] {manager.py:762} INFO - There are 0 files in /opt/airflow/dags
[2025-01-29T06:26:31.266+0000] {manager.py:759} INFO - Searching for files in /opt/airflow/dags
[2025-01-29T06:26:31.324+0000] {manager.py:762} INFO - There are 0 files in /opt/airflow/dags
[2025-01-29T06:31:32.257+0000] {manager.py:759} INFO - Searching for files in /opt/airflow/dags
[2025-01-29T06:31:32.315+0000] {manager.py:762} INFO - There are 0 files in /opt/airflow/dags
[2025-01-29T06:33:45.515+0000] {manager.py:469} INFO - Exiting gracefully upon receiving signal 15
[2025-01-29T06:34:52.314+0000] {manager.py:487} INFO - Processing files using up to 2 processes at a time 
[2025-01-29T06:34:52.315+0000] {manager.py:488} INFO - Process each file at most once every 30 seconds
[2025-01-29T06:34:52.315+0000] {manager.py:489} INFO - Checking for new files in /opt/airflow/dags every 300 seconds
[2025-01-29T06:34:52.316+0000] {manager.py:759} INFO - Searching for files in /opt/airflow/dags
[2025-01-29T06:34:52.327+0000] {manager.py:762} INFO - There are 0 files in /opt/airflow/dags
[2025-01-29T06:37:48.105+0000] {manager.py:469} INFO - Exiting gracefully upon receiving signal 15
